=====流程升级 - 数据删除流程 =========
升级版本：Delete_v1.0.0
升级内容：
首次发布。包含数据删除，超期邮件提醒，Finish.log扫描，交付异常检测脚本

升级时间:2024/7/1 11:27
升级人：涂成芳、张阳

1. 增加实验研发邮箱
升级时间:2024/7/2 9:14

=====流程升级 - 数据删除流程 =========
升级版本：Delete_v2.0.0
升级内容：
Filter_Delete.py:修改，原来为有交付删除则不进行邮件提醒；修改为有未删除的交付删除才不进行邮件提醒

升级时间:2024/7/2 11:07
升级人：张阳

=====流程升级 - 数据删除流程 =========
升级版本：Delete_v3.0.0
升级内容：
config.txt中增加exception_dir
所有脚本增加了小机器人，发送到 纯测序和微生物生信分析组 群中
升级时间：2024/7/22 10:49
升级人：涂成芳


=====流程升级 -- 数据删除流程?=========
升级版本：Delete_v4.0.0
升级内容:
1 删除命令中增加rm -rf
2 删除CHIP芯片的时候增加os.path.abspath

升级时间:2024/7/29 8:30
升级人：涂成芳

=====流程升级 -- 数据删除流程=========
升级版本：Delete_v5.0.0
升级内容:
1 超期邮件提醒中项管和邮箱替换为 tb_info_sequence_bill中的latest_project_user_name和latest_project_user_email

升级时间:2024/8/1 9:13
升级人：涂成芳

=====流程升级 -- 数据删除流程=========
升级版本：Delete_v5.0.1
升级内容:
1. delete_fq.py 将目录创建时间修改为 atime

升级时间:2024/8/5 9:13
升级人：涂成芳


=====流程升级 -- 数据删除流程=========
升级版本：Delete_v5.0.2
升级内容:
1. 数据删除提醒邮件的标题和附件均加上日期

升级时间:2024/8/6 9:05
升级人：涂成芳

